<?xml version="1.0" encoding="UTF-8"?>
<testng-results skipped="0" failed="0" ignored="0" total="2" passed="2">
  <reporter-output>
  </reporter-output>
  <suite name="Suite" duration-ms="31491" started-at="2020-05-22T19:05:51 IST" finished-at="2020-05-22T19:06:22 IST">
    <groups>
    </groups>
    <test name="Test" duration-ms="27356" started-at="2020-05-22T19:05:51 IST" finished-at="2020-05-22T19:06:18 IST">
      <class name="testng.NewTest">
        <test-method status="PASS" signature="beforeTest()[pri:0, instance:testng.NewTest@6f1fba17]" name="beforeTest" is-config="true" duration-ms="26180" started-at="2020-05-22T19:05:51 IST" finished-at="2020-05-22T19:06:17 IST">
          <reporter-output>
          </reporter-output>
        </test-method> <!-- beforeTest -->
        <test-method status="PASS" signature="f()[pri:0, instance:testng.NewTest@6f1fba17]" name="f" duration-ms="62" started-at="2020-05-22T19:06:17 IST" finished-at="2020-05-22T19:06:17 IST">
          <reporter-output>
          </reporter-output>
        </test-method> <!-- f -->
        <test-method status="PASS" signature="after()[pri:0, instance:testng.NewTest@6f1fba17]" name="after" is-config="true" duration-ms="1096" started-at="2020-05-22T19:06:17 IST" finished-at="2020-05-22T19:06:18 IST">
          <reporter-output>
          </reporter-output>
        </test-method> <!-- after -->
      </class> <!-- testng.NewTest -->
    </test> <!-- Test -->
    <test name="Test2" duration-ms="31491" started-at="2020-05-22T19:05:51 IST" finished-at="2020-05-22T19:06:22 IST">
      <class name="testng2.NewTest2">
        <test-method status="PASS" signature="f()[pri:0, instance:testng2.NewTest2@578486a3]" name="f" duration-ms="31454" started-at="2020-05-22T19:05:51 IST" finished-at="2020-05-22T19:06:22 IST">
          <reporter-output>
          </reporter-output>
        </test-method> <!-- f -->
      </class> <!-- testng2.NewTest2 -->
    </test> <!-- Test2 -->
  </suite> <!-- Suite -->
</testng-results>
